0 info it worked if it ends with ok
1 verbose cli [ '/usr/local/bin/node',
1 verbose cli   '/usr/local/bin/npm',
1 verbose cli   'run',
1 verbose cli   'build-css' ]
2 info using npm@3.10.10
3 info using node@v6.11.0
4 verbose run-script [ 'prebuild-css', 'build-css', 'postbuild-css' ]
5 info lifecycle measured_ux@1.0.0~prebuild-css: measured_ux@1.0.0
6 silly lifecycle measured_ux@1.0.0~prebuild-css: no script for prebuild-css, continuing
7 info lifecycle measured_ux@1.0.0~build-css: measured_ux@1.0.0
8 verbose lifecycle measured_ux@1.0.0~build-css: unsafe-perm in lifecycle true
9 verbose lifecycle measured_ux@1.0.0~build-css: PATH: /usr/local/lib/node_modules/npm/bin/node-gyp-bin:/Users/teaguecnelson1/consulting/Measured_ux/node_modules/.bin:/usr/local/lib/node_modules/npm/bin/node-gyp-bin:/Users/teaguecnelson1/consulting/Measured_ux/node_modules/.bin:/Users/teaguecnelson1/.rvm/gems/ruby-2.4.1/bin:/Users/teaguecnelson1/.rvm/gems/ruby-2.4.1@global/bin:/Users/teaguecnelson1/.rvm/rubies/ruby-2.4.1/bin:/usr/local/share/python:/usr/local/bin:/usr/bin:/bin:/usr/sbin:/sbin:/Applications/Postgres.app/Contents/Versions/9.5/bin:/Users/teaguecnelson1/.rvm/bin
10 verbose lifecycle measured_ux@1.0.0~build-css: CWD: /Users/teaguecnelson1/consulting/Measured_ux
11 silly lifecycle measured_ux@1.0.0~build-css: Args: [ '-c',
11 silly lifecycle   'node-sass --include-path scss assets/scss/main.scss assets/css/main.css' ]
12 silly lifecycle measured_ux@1.0.0~build-css: Returned: code: 1  signal: null
13 info lifecycle measured_ux@1.0.0~build-css: Failed to exec build-css script
14 verbose stack Error: measured_ux@1.0.0 build-css: `node-sass --include-path scss assets/scss/main.scss assets/css/main.css`
14 verbose stack Exit status 1
14 verbose stack     at EventEmitter.<anonymous> (/usr/local/lib/node_modules/npm/lib/utils/lifecycle.js:255:16)
14 verbose stack     at emitTwo (events.js:106:13)
14 verbose stack     at EventEmitter.emit (events.js:191:7)
14 verbose stack     at ChildProcess.<anonymous> (/usr/local/lib/node_modules/npm/lib/utils/spawn.js:40:14)
14 verbose stack     at emitTwo (events.js:106:13)
14 verbose stack     at ChildProcess.emit (events.js:191:7)
14 verbose stack     at maybeClose (internal/child_process.js:891:16)
14 verbose stack     at Process.ChildProcess._handle.onexit (internal/child_process.js:226:5)
15 verbose pkgid measured_ux@1.0.0
16 verbose cwd /Users/teaguecnelson1/consulting/Measured_ux
17 error Darwin 16.6.0
18 error argv "/usr/local/bin/node" "/usr/local/bin/npm" "run" "build-css"
19 error node v6.11.0
20 error npm  v3.10.10
21 error code ELIFECYCLE
22 error measured_ux@1.0.0 build-css: `node-sass --include-path scss assets/scss/main.scss assets/css/main.css`
22 error Exit status 1
23 error Failed at the measured_ux@1.0.0 build-css script 'node-sass --include-path scss assets/scss/main.scss assets/css/main.css'.
23 error Make sure you have the latest version of node.js and npm installed.
23 error If you do, this is most likely a problem with the measured_ux package,
23 error not with npm itself.
23 error Tell the author that this fails on your system:
23 error     node-sass --include-path scss assets/scss/main.scss assets/css/main.css
23 error You can get information on how to open an issue for this project with:
23 error     npm bugs measured_ux
23 error Or if that isn't available, you can get their info via:
23 error     npm owner ls measured_ux
23 error There is likely additional logging output above.
24 verbose exit [ 1, true ]
